Surveying files in: C:\Users\LukeBoustridge\Dropbox\WSI standards and assessment\WSC2024\Skill Advisors\Final MS by Skill
Found 58 Excel files

  Surveying: 01_Industrial_Mechanics_marking_scheme (f).xlsx
  Surveying: 02_Information_Network_Cabling_marking_scheme.xlsx
    ERROR: UNKNOWN: unknown error, read
  Surveying: 03_Manufacturing_Team_Challenge_marking_scheme.xlsx
    ERROR: UNKNOWN: unknown error, read
  Surveying: 04_Mechatronics_marking_scheme_20240808.xlsx
    ERROR: UNKNOWN: unknown error, read
  Surveying: 05_Mechanical_Engineering_CAD_marking_scheme.xlsx
    ERROR: UNKNOWN: unknown error, read
  Surveying: 06_CNC_Turning_marking_scheme.xlsx
    ERROR: UNKNOWN: unknown error, read
  Surveying: 07_CNC_Milling_marking_scheme (2).xlsx
    ERROR: UNKNOWN: unknown error, read
  Surveying: 08_Mobile_Applications_Development_marking_scheme.xlsx
    ERROR: UNKNOWN: unknown error, read
  Surveying: 09_IT_Software_Solutions_for_Business_marking_scheme.xlsx
    ERROR: UNKNOWN: unknown error, read
  Surveying: 10_Welding_WSC2024_marking_scheme - PC 16072024.xlsx
    ERROR: UNKNOWN: unknown error, read
  Surveying: 12_Wall_and_Floor_Tiling_marking_scheme.xlsx
    ERROR: UNKNOWN: unknown error, read
  Surveying: 14_Aircraft_Maintenance_marking_scheme (10).xlsx
    ERROR: UNKNOWN: unknown error, read
  Surveying: 15_Plumbing_and_Heating_marking_scheme.xlsx
    ERROR: UNKNOWN: unknown error, read
  Surveying: 16_Electronics_marking_scheme (1).xlsx
    ERROR: UNKNOWN: unknown error, read
  Surveying: 17_Web_Technologies_marking_scheme.xlsx
    ERROR: UNKNOWN: unknown error, read
  Surveying: 18_Electrical_Installations_marking_scheme.xlsx
    ERROR: UNKNOWN: unknown error, read
  Surveying: 19_Industrial_Control_marking_scheme.xlsx
    ERROR: UNKNOWN: unknown error, read
  Surveying: 20_Bricklaying_marking_scheme (2).xlsx
    ERROR: UNKNOWN: unknown error, read
  Surveying: 21_Plastering_and_Drywall_Systems_marking_scheme.xlsx
    ERROR: UNKNOWN: unknown error, read
  Surveying: 22_Painting_and_Decorating_marking_scheme-4.xlsx
    ERROR: UNKNOWN: unknown error, read
  Surveying: 23_Autonomous_Mobile_Robotics_marking_scheme.xlsx
    ERROR: UNKNOWN: unknown error, read
  Surveying: 24_Cabinetmaking_marking_scheme.xlsx
    ERROR: UNKNOWN: unknown error, read
  Surveying: 25_Joinery_marking_scheme.xlsx
    ERROR: UNKNOWN: unknown error, read
  Surveying: 26_Carpentry_marking_scheme.xlsx
    ERROR: UNKNOWN: unknown error, read
  Surveying: 27_Jewellery_marking_scheme.xlsx
    ERROR: UNKNOWN: unknown error, read
  Surveying: 28_Floristry_marking_scheme (2) 0909.xlsx
    ERROR: UNKNOWN: unknown error, read
  Surveying: 29_Hairdressing_marking_scheme 18.8 with calc.xlsx
    ERROR: UNKNOWN: unknown error, read
  Surveying: 30_Beauty_Therapy_marking_scheme(1).xlsx
    ERROR: UNKNOWN: unknown error, read
  Surveying: 31_Fashion_Technology_marking_scheme (1).xlsx
    ERROR: UNKNOWN: unknown error, read
  Surveying: 32_Pâtisserie_and_Confectionery_marking_scheme(1).xlsx
    ERROR: UNKNOWN: unknown error, read
  Surveying: 33_Automobile_Technology_marking_scheme (10).xlsx
    ERROR: UNKNOWN: unknown error, read
  Surveying: 34_Cooking_marking_scheme.xlsx
    ERROR: UNKNOWN: unknown error, read
  Surveying: 35_Restaurant_Service_marking_scheme.xlsx
    ERROR: UNKNOWN: unknown error, read
  Surveying: 36_Car_Painting_marking_scheme (15).xlsx
    ERROR: UNKNOWN: unknown error, read
  Surveying: 37_Landscape_Gardening_marking_scheme.xlsx
    ERROR: UNKNOWN: unknown error, read
  Surveying: 38_Refrigeration_and_Air_Conditioning_marking_schemeV2.xlsx
    ERROR: UNKNOWN: unknown error, read
  Surveying: 39_IT_Network_Systems_Administration_marking_scheme.xlsx
    ERROR: UNKNOWN: unknown error, read
  Surveying: 40_Graphic_Design_Technology_marking_scheme_GROUPS_OK.xlsx
    ERROR: UNKNOWN: unknown error, read
  Surveying: 41_Health_and_Social_Care_marking_scheme calc 27.8.2024.xlsx
    ERROR: UNKNOWN: unknown error, read
  Surveying: 42TEST_Construction_Steel_Work_-_Calculations_TEST_marking_scheme.xlsx
    ERROR: UNKNOWN: unknown error, read
  Surveying: 44_Visual_Merchandising_marking_scheme_updated_20082024 (1) JL notes_V05.xlsx
    ERROR: UNKNOWN: unknown error, read
  Surveying: 46_Concrete_Construction_Work_marking_scheme.xlsx
    ERROR: UNKNOWN: unknown error, read
  Surveying: 47_Bakery_marking_scheme 6.8.2024.xlsx
    ERROR: UNKNOWN: unknown error, read
  Surveying: 48_Industry_4.0_marking_scheme.xlsx
    ERROR: UNKNOWN: unknown error, read
  Surveying: 49_Heavy_Vehicle_Technology_marking_scheme (final).xlsx
    ERROR: UNKNOWN: unknown error, read
  Surveying: 50_3D_Digital_Game_Art_marking_scheme.xlsx
    ERROR: UNKNOWN: unknown error, read
  Surveying: 51_Logistics_and_Freight_Forwarding_marking_scheme (11).xlsx
    ERROR: UNKNOWN: unknown error, read
  Surveying: 52_Chemical_Laboratory_Technology_marking_scheme.xlsx
    ERROR: UNKNOWN: unknown error, read
  Surveying: 53_Cloud_Computing_marking_scheme.xlsx
    ERROR: UNKNOWN: unknown error, read
  Surveying: 54_Cyber_Security_marking_scheme.xlsx
    ERROR: UNKNOWN: unknown error, read
  Surveying: 55_Water_Technology_marking_scheme.xlsx
    ERROR: UNKNOWN: unknown error, read
  Surveying: 56 WSC2024_56_Hotel_Reception_marking_scheme-final.xlsx
    ERROR: UNKNOWN: unknown error, read
  Surveying: 57_Additive_Manufacturing_marking_scheme.xlsx
    ERROR: UNKNOWN: unknown error, read
  Surveying: 58_Digital_Construction_marking_scheme (1).xlsx
    ERROR: UNKNOWN: unknown error, read
  Surveying: 59_Industrial_Design_Technology_marking_scheme.xlsx
    ERROR: UNKNOWN: unknown error, read
  Surveying: 60_Optoelectronic_Technology_marking_scheme.xlsx
    ERROR: UNKNOWN: unknown error, read
  Surveying: 62_Renewable_Energy_marking_scheme (2).xlsx
    ERROR: UNKNOWN: unknown error, read
  Surveying: 63_Robot_Systems_Integration_marking_scheme.xlsx
    ERROR: UNKNOWN: unknown error, read

=== SURVEY SUMMARY ===
Total files surveyed: 58
Files with errors: 57
Files with merged cells: 1
Unique column names found: 1

Unique column names:
  01 industrial mechanics

=== COLUMN PATTERN ANALYSIS ===

Detailed results saved to: C:\Users\LukeBoustridge\Projects\Worldskills\survey-results.json
